<?xml version="1.0" encoding="UTF-8"?>
<!-- Generated by org.testng.reporters.JUnitReportReporter -->
<testsuite hostname="LAPTOP-644D0OPQ" failures="0" tests="2" name="com.Example.Guru99" time="18.811" errors="0" timestamp="2021-12-28T09:19:08 IST" skipped="0">
  <testcase classname="com.Example.Guru99" name="testParameterWithXML" time="10.426"/>
  <system-out/>
  <testcase classname="com.Example.Guru99" name="testParameterWithXML" time="8.385"/>
  <system-out/>
</testsuite> <!-- com.Example.Guru99 -->
