<?xml version="1.0" encoding="UTF-8"?>
<!-- Generated by org.testng.reporters.JUnitReportReporter -->
<testsuite hostname="LAPTOP-644D0OPQ" failures="0" tests="1" name="com.rest_assured.Broken_Images" time="4.435" errors="0" timestamp="2021-12-30T18:42:43 IST" skipped="0">
  <testcase classname="com.rest_assured.Broken_Images" name="validateInvalidImages" time="4.435"/>
  <system-out/>
</testsuite> <!-- com.rest_assured.Broken_Images -->
