<?xml version="1.0" encoding="UTF-8"?>
<!-- Generated by org.testng.reporters.JUnitReportReporter -->
<testsuite hostname="LAPTOP-644D0OPQ" failures="0" tests="3" name="com.Example.Parallel_Guru99" time="64.656" errors="0" timestamp="2021-12-29T11:46:22 IST" skipped="0">
  <testcase classname="com.Example.Parallel_Guru99" name="executSessionOne" time="21.125"/>
  <system-out/>
  <testcase classname="com.Example.Parallel_Guru99" name="executeSessionTwo" time="22.238"/>
  <system-out/>
  <testcase classname="com.Example.Parallel_Guru99" name="executSessionThree" time="21.293"/>
  <system-out/>
</testsuite> <!-- com.Example.Parallel_Guru99 -->
